CRITICAL - 2024-05-29 05:21:49 --> CodeIgniter\Database\Exceptions\DataException: Allowed fields must be specified for model: "App\Models\ModelMahasiswa"
[Method: POST, Route: Mahasiswa/simpandata]
in SYSTEMPATH\Model.php on line 813.
 1 SYSTEMPATH\Model.php(813): CodeIgniter\Database\Exceptions\DataException::forInvalidAllowedFields('App\\Models\\ModelMahasiswa')
 2 SYSTEMPATH\BaseModel.php(821): CodeIgniter\Model->doProtectFieldsForInsert([...])
 3 SYSTEMPATH\Model.php(791): CodeIgniter\BaseModel->insert([...], true)
 4 APPPATH\Controllers\Mahasiswa.php(106): CodeIgniter\Model->insert([...])
 5 SYSTEMPATH\CodeIgniter.php(933): App\Controllers\Mahasiswa->simpandata()
 6 SYSTEMPATH\CodeIgniter.php(509): CodeIgniter\CodeIgniter->runController(Object(App\Controllers\Mahasiswa))
 7 SYSTEMPATH\CodeIgniter.php(355): CodeIgniter\CodeIgniter->handleRequest(null, Object(Config\Cache), false)
 8 SYSTEMPATH\Boot.php(312): CodeIgniter\CodeIgniter->run()
 9 SYSTEMPATH\Boot.php(67): CodeIgniter\Boot::runCodeIgniter(Object(CodeIgniter\CodeIgniter))
10 FCPATH\index.php(56): CodeIgniter\Boot::bootWeb(Object(Config\Paths))
11 SYSTEMPATH\Commands\Server\rewrite.php(49): require_once('D:\\dewiweb3\\ci4ajax_dewi\\public\\index.php')
CRITICAL - 2024-05-29 05:23:19 --> CodeIgniter\Database\Exceptions\DataException: Allowed fields must be specified for model: "App\Models\ModelMahasiswa"
[Method: POST, Route: Mahasiswa/simpandata]
in SYSTEMPATH\Model.php on line 813.
 1 SYSTEMPATH\Model.php(813): CodeIgniter\Database\Exceptions\DataException::forInvalidAllowedFields('App\\Models\\ModelMahasiswa')
 2 SYSTEMPATH\BaseModel.php(821): CodeIgniter\Model->doProtectFieldsForInsert([...])
 3 SYSTEMPATH\Model.php(791): CodeIgniter\BaseModel->insert([...], true)
 4 APPPATH\Controllers\Mahasiswa.php(106): CodeIgniter\Model->insert([...])
 5 SYSTEMPATH\CodeIgniter.php(933): App\Controllers\Mahasiswa->simpandata()
 6 SYSTEMPATH\CodeIgniter.php(509): CodeIgniter\CodeIgniter->runController(Object(App\Controllers\Mahasiswa))
 7 SYSTEMPATH\CodeIgniter.php(355): CodeIgniter\CodeIgniter->handleRequest(null, Object(Config\Cache), false)
 8 SYSTEMPATH\Boot.php(312): CodeIgniter\CodeIgniter->run()
 9 SYSTEMPATH\Boot.php(67): CodeIgniter\Boot::runCodeIgniter(Object(CodeIgniter\CodeIgniter))
10 FCPATH\index.php(56): CodeIgniter\Boot::bootWeb(Object(Config\Paths))
11 SYSTEMPATH\Commands\Server\rewrite.php(49): require_once('D:\\dewiweb3\\ci4ajax_dewi\\public\\index.php')
CRITICAL - 2024-05-29 05:26:08 --> CodeIgniter\Database\Exceptions\DataException: Allowed fields must be specified for model: "App\Models\Modelmahasiswa"
[Method: POST, Route: Mahasiswa/simpandata]
in SYSTEMPATH\Model.php on line 813.
 1 SYSTEMPATH\Model.php(813): CodeIgniter\Database\Exceptions\DataException::forInvalidAllowedFields('App\\Models\\Modelmahasiswa')
 2 SYSTEMPATH\BaseModel.php(821): CodeIgniter\Model->doProtectFieldsForInsert([...])
 3 SYSTEMPATH\Model.php(791): CodeIgniter\BaseModel->insert([...], true)
 4 APPPATH\Controllers\Mahasiswa.php(106): CodeIgniter\Model->insert([...])
 5 SYSTEMPATH\CodeIgniter.php(933): App\Controllers\Mahasiswa->simpandata()
 6 SYSTEMPATH\CodeIgniter.php(509): CodeIgniter\CodeIgniter->runController(Object(App\Controllers\Mahasiswa))
 7 SYSTEMPATH\CodeIgniter.php(355): CodeIgniter\CodeIgniter->handleRequest(null, Object(Config\Cache), false)
 8 SYSTEMPATH\Boot.php(312): CodeIgniter\CodeIgniter->run()
 9 SYSTEMPATH\Boot.php(67): CodeIgniter\Boot::runCodeIgniter(Object(CodeIgniter\CodeIgniter))
10 FCPATH\index.php(56): CodeIgniter\Boot::bootWeb(Object(Config\Paths))
11 SYSTEMPATH\Commands\Server\rewrite.php(49): require_once('D:\\dewiweb3\\ci4ajax_dewi\\public\\index.php')
CRITICAL - 2024-05-29 05:27:50 --> CodeIgniter\Database\Exceptions\DataException: Allowed fields must be specified for model: "App\Models\Modelmahasiswa"
[Method: POST, Route: Mahasiswa/simpandata]
in SYSTEMPATH\Model.php on line 813.
 1 SYSTEMPATH\Model.php(813): CodeIgniter\Database\Exceptions\DataException::forInvalidAllowedFields('App\\Models\\Modelmahasiswa')
 2 SYSTEMPATH\BaseModel.php(821): CodeIgniter\Model->doProtectFieldsForInsert([...])
 3 SYSTEMPATH\Model.php(791): CodeIgniter\BaseModel->insert([...], true)
 4 APPPATH\Controllers\Mahasiswa.php(106): CodeIgniter\Model->insert([...])
 5 SYSTEMPATH\CodeIgniter.php(933): App\Controllers\Mahasiswa->simpandata()
 6 SYSTEMPATH\CodeIgniter.php(509): CodeIgniter\CodeIgniter->runController(Object(App\Controllers\Mahasiswa))
 7 SYSTEMPATH\CodeIgniter.php(355): CodeIgniter\CodeIgniter->handleRequest(null, Object(Config\Cache), false)
 8 SYSTEMPATH\Boot.php(312): CodeIgniter\CodeIgniter->run()
 9 SYSTEMPATH\Boot.php(67): CodeIgniter\Boot::runCodeIgniter(Object(CodeIgniter\CodeIgniter))
10 FCPATH\index.php(56): CodeIgniter\Boot::bootWeb(Object(Config\Paths))
11 SYSTEMPATH\Commands\Server\rewrite.php(49): require_once('D:\\dewiweb3\\ci4ajax_dewi\\public\\index.php')
