ERROR - 2024-06-28 08:49:53 --> Error connecting to the database: mysqli_sql_exception: Unknown database 'db_ci4ajax007' in E:\R\ci4ajax_rosid\system\Database\MySQLi\Connection.php:186
Stack trace:
#0 E:\R\ci4ajax_rosid\system\Database\MySQLi\Connection.php(186): mysqli->real_connect('localhost', 'root', Object(SensitiveParameterValue), 'db_ci4ajax007', 3306, '', 0)
#1 E:\R\ci4ajax_rosid\system\Database\BaseConnection.php(421): CodeIgniter\Database\MySQLi\Connection->connect(false)
#2 E:\R\ci4ajax_rosid\system\Database\BaseConnection.php(604): CodeIgniter\Database\BaseConnection->initialize()
#3 E:\R\ci4ajax_rosid\system\Database\BaseBuilder.php(1629): CodeIgniter\Database\BaseConnection->query('SELECT *\nFROM `...', Array, false)
#4 E:\R\ci4ajax_rosid\system\Model.php(275): CodeIgniter\Database\BaseBuilder->get()
#5 E:\R\ci4ajax_rosid\system\BaseModel.php(676): CodeIgniter\Model->doFindAll(0, 0)
#6 E:\R\ci4ajax_rosid\app\Controllers\Mahasiswa.php(19): CodeIgniter\BaseModel->findAll()
#7 E:\R\ci4ajax_rosid\system\CodeIgniter.php(933): App\Controllers\Mahasiswa->ambildata()
#8 E:\R\ci4ajax_rosid\system\CodeIgniter.php(509): CodeIgniter\CodeIgniter->runController(Object(App\Controllers\Mahasiswa))
#9 E:\R\ci4ajax_rosid\system\CodeIgniter.php(355): CodeIgniter\CodeIgniter->handleRequest(NULL, Object(Config\Cache), false)
#10 E:\R\ci4ajax_rosid\system\Boot.php(312): CodeIgniter\CodeIgniter->run()
#11 E:\R\ci4ajax_rosid\system\Boot.php(67): CodeIgniter\Boot::runCodeIgniter(Object(CodeIgniter\CodeIgniter))
#12 E:\R\ci4ajax_rosid\public\index.php(56): CodeIgniter\Boot::bootWeb(Object(Config\Paths))
#13 E:\R\ci4ajax_rosid\system\Commands\Server\rewrite.php(49): require_once('E:\\R\\ci4ajax_ro...')
#14 {main}

Next CodeIgniter\Database\Exceptions\DatabaseException: Unknown database 'db_ci4ajax007' in E:\R\ci4ajax_rosid\system\Database\MySQLi\Connection.php:231
Stack trace:
#0 E:\R\ci4ajax_rosid\system\Database\BaseConnection.php(421): CodeIgniter\Database\MySQLi\Connection->connect(false)
#1 E:\R\ci4ajax_rosid\system\Database\BaseConnection.php(604): CodeIgniter\Database\BaseConnection->initialize()
#2 E:\R\ci4ajax_rosid\system\Database\BaseBuilder.php(1629): CodeIgniter\Database\BaseConnection->query('SELECT *\nFROM `...', Array, false)
#3 E:\R\ci4ajax_rosid\system\Model.php(275): CodeIgniter\Database\BaseBuilder->get()
#4 E:\R\ci4ajax_rosid\system\BaseModel.php(676): CodeIgniter\Model->doFindAll(0, 0)
#5 E:\R\ci4ajax_rosid\app\Controllers\Mahasiswa.php(19): CodeIgniter\BaseModel->findAll()
#6 E:\R\ci4ajax_rosid\system\CodeIgniter.php(933): App\Controllers\Mahasiswa->ambildata()
#7 E:\R\ci4ajax_rosid\system\CodeIgniter.php(509): CodeIgniter\CodeIgniter->runController(Object(App\Controllers\Mahasiswa))
#8 E:\R\ci4ajax_rosid\system\CodeIgniter.php(355): CodeIgniter\CodeIgniter->handleRequest(NULL, Object(Config\Cache), false)
#9 E:\R\ci4ajax_rosid\system\Boot.php(312): CodeIgniter\CodeIgniter->run()
#10 E:\R\ci4ajax_rosid\system\Boot.php(67): CodeIgniter\Boot::runCodeIgniter(Object(CodeIgniter\CodeIgniter))
#11 E:\R\ci4ajax_rosid\public\index.php(56): CodeIgniter\Boot::bootWeb(Object(Config\Paths))
#12 E:\R\ci4ajax_rosid\system\Commands\Server\rewrite.php(49): require_once('E:\\R\\ci4ajax_ro...')
#13 {main}
CRITICAL - 2024-06-28 08:49:53 --> CodeIgniter\Database\Exceptions\DatabaseException: Unable to connect to the database.
Main connection [MySQLi]: Unknown database 'db_ci4ajax007'
[Method: GET, Route: Mahasiswa/ambildata]
in SYSTEMPATH\Database\BaseConnection.php on line 457.
 1 SYSTEMPATH\Database\BaseConnection.php(604): CodeIgniter\Database\BaseConnection->initialize()
 2 SYSTEMPATH\Database\BaseBuilder.php(1629): CodeIgniter\Database\BaseConnection->query('SELECT *
FROM `mahasiswa007`', [], false)
 3 SYSTEMPATH\Model.php(275): CodeIgniter\Database\BaseBuilder->get()
 4 SYSTEMPATH\BaseModel.php(676): CodeIgniter\Model->doFindAll(0, 0)
 5 APPPATH\Controllers\Mahasiswa.php(19): CodeIgniter\BaseModel->findAll()
 6 SYSTEMPATH\CodeIgniter.php(933): App\Controllers\Mahasiswa->ambildata()
 7 SYSTEMPATH\CodeIgniter.php(509): CodeIgniter\CodeIgniter->runController(Object(App\Controllers\Mahasiswa))
 8 SYSTEMPATH\CodeIgniter.php(355): CodeIgniter\CodeIgniter->handleRequest(null, Object(Config\Cache), false)
 9 SYSTEMPATH\Boot.php(312): CodeIgniter\CodeIgniter->run()
10 SYSTEMPATH\Boot.php(67): CodeIgniter\Boot::runCodeIgniter(Object(CodeIgniter\CodeIgniter))
11 FCPATH\index.php(56): CodeIgniter\Boot::bootWeb(Object(Config\Paths))
12 SYSTEMPATH\Commands\Server\rewrite.php(49): require_once('E:\\R\\ci4ajax_rosid\\public\\index.php')
ERROR - 2024-06-28 08:50:13 --> Error connecting to the database: mysqli_sql_exception: Unknown database 'db_ci4ajax007' in E:\R\ci4ajax_rosid\system\Database\MySQLi\Connection.php:186
Stack trace:
#0 E:\R\ci4ajax_rosid\system\Database\MySQLi\Connection.php(186): mysqli->real_connect('localhost', 'root', Object(SensitiveParameterValue), 'db_ci4ajax007', 3306, '', 0)
#1 E:\R\ci4ajax_rosid\system\Database\BaseConnection.php(421): CodeIgniter\Database\MySQLi\Connection->connect(false)
#2 E:\R\ci4ajax_rosid\system\Database\BaseConnection.php(604): CodeIgniter\Database\BaseConnection->initialize()
#3 E:\R\ci4ajax_rosid\system\Database\BaseBuilder.php(1629): CodeIgniter\Database\BaseConnection->query('SELECT 1\nFROM `...', Array, false)
#4 E:\R\ci4ajax_rosid\system\Validation\StrictRules\Rules.php(228): CodeIgniter\Database\BaseBuilder->get()
#5 E:\R\ci4ajax_rosid\system\Validation\Validation.php(336): CodeIgniter\Validation\StrictRules\Rules->is_unique('22110034', 'nim007', Array, NULL, 'nim')
#6 E:\R\ci4ajax_rosid\system\Validation\Validation.php(201): CodeIgniter\Validation\Validation->processRules('nim', 'NIM', '22110034', Array, Array, 'nim')
#7 E:\R\ci4ajax_rosid\system\Controller.php(137): CodeIgniter\Validation\Validation->run()
#8 E:\R\ci4ajax_rosid\app\Controllers\Mahasiswa.php(46): CodeIgniter\Controller->validate(Array)
#9 E:\R\ci4ajax_rosid\system\CodeIgniter.php(933): App\Controllers\Mahasiswa->simpandata()
#10 E:\R\ci4ajax_rosid\system\CodeIgniter.php(509): CodeIgniter\CodeIgniter->runController(Object(App\Controllers\Mahasiswa))
#11 E:\R\ci4ajax_rosid\system\CodeIgniter.php(355): CodeIgniter\CodeIgniter->handleRequest(NULL, Object(Config\Cache), false)
#12 E:\R\ci4ajax_rosid\system\Boot.php(312): CodeIgniter\CodeIgniter->run()
#13 E:\R\ci4ajax_rosid\system\Boot.php(67): CodeIgniter\Boot::runCodeIgniter(Object(CodeIgniter\CodeIgniter))
#14 E:\R\ci4ajax_rosid\public\index.php(56): CodeIgniter\Boot::bootWeb(Object(Config\Paths))
#15 E:\R\ci4ajax_rosid\system\Commands\Server\rewrite.php(49): require_once('E:\\R\\ci4ajax_ro...')
#16 {main}

Next CodeIgniter\Database\Exceptions\DatabaseException: Unknown database 'db_ci4ajax007' in E:\R\ci4ajax_rosid\system\Database\MySQLi\Connection.php:231
Stack trace:
#0 E:\R\ci4ajax_rosid\system\Database\BaseConnection.php(421): CodeIgniter\Database\MySQLi\Connection->connect(false)
#1 E:\R\ci4ajax_rosid\system\Database\BaseConnection.php(604): CodeIgniter\Database\BaseConnection->initialize()
#2 E:\R\ci4ajax_rosid\system\Database\BaseBuilder.php(1629): CodeIgniter\Database\BaseConnection->query('SELECT 1\nFROM `...', Array, false)
#3 E:\R\ci4ajax_rosid\system\Validation\StrictRules\Rules.php(228): CodeIgniter\Database\BaseBuilder->get()
#4 E:\R\ci4ajax_rosid\system\Validation\Validation.php(336): CodeIgniter\Validation\StrictRules\Rules->is_unique('22110034', 'nim007', Array, NULL, 'nim')
#5 E:\R\ci4ajax_rosid\system\Validation\Validation.php(201): CodeIgniter\Validation\Validation->processRules('nim', 'NIM', '22110034', Array, Array, 'nim')
#6 E:\R\ci4ajax_rosid\system\Controller.php(137): CodeIgniter\Validation\Validation->run()
#7 E:\R\ci4ajax_rosid\app\Controllers\Mahasiswa.php(46): CodeIgniter\Controller->validate(Array)
#8 E:\R\ci4ajax_rosid\system\CodeIgniter.php(933): App\Controllers\Mahasiswa->simpandata()
#9 E:\R\ci4ajax_rosid\system\CodeIgniter.php(509): CodeIgniter\CodeIgniter->runController(Object(App\Controllers\Mahasiswa))
#10 E:\R\ci4ajax_rosid\system\CodeIgniter.php(355): CodeIgniter\CodeIgniter->handleRequest(NULL, Object(Config\Cache), false)
#11 E:\R\ci4ajax_rosid\system\Boot.php(312): CodeIgniter\CodeIgniter->run()
#12 E:\R\ci4ajax_rosid\system\Boot.php(67): CodeIgniter\Boot::runCodeIgniter(Object(CodeIgniter\CodeIgniter))
#13 E:\R\ci4ajax_rosid\public\index.php(56): CodeIgniter\Boot::bootWeb(Object(Config\Paths))
#14 E:\R\ci4ajax_rosid\system\Commands\Server\rewrite.php(49): require_once('E:\\R\\ci4ajax_ro...')
#15 {main}
CRITICAL - 2024-06-28 08:50:13 --> CodeIgniter\Database\Exceptions\DatabaseException: Unable to connect to the database.
Main connection [MySQLi]: Unknown database 'db_ci4ajax007'
[Method: POST, Route: Mahasiswa/simpandata]
in SYSTEMPATH\Database\BaseConnection.php on line 457.
 1 SYSTEMPATH\Database\BaseConnection.php(604): CodeIgniter\Database\BaseConnection->initialize()
 2 SYSTEMPATH\Database\BaseBuilder.php(1629): CodeIgniter\Database\BaseConnection->query('SELECT 1
FROM `mahasiswa007`
WHERE `nim007` = :nim007:
 LIMIT 1', [...], false)
 3 SYSTEMPATH\Validation\StrictRules\Rules.php(228): CodeIgniter\Database\BaseBuilder->get()
 4 SYSTEMPATH\Validation\Validation.php(336): CodeIgniter\Validation\StrictRules\Rules->is_unique('22110034', 'nim007', [...], null, 'nim')
 5 SYSTEMPATH\Validation\Validation.php(201): CodeIgniter\Validation\Validation->processRules('nim', 'NIM', '22110034', [...], [...], 'nim')
 6 SYSTEMPATH\Controller.php(137): CodeIgniter\Validation\Validation->run()
 7 APPPATH\Controllers\Mahasiswa.php(46): CodeIgniter\Controller->validate([...])
 8 SYSTEMPATH\CodeIgniter.php(933): App\Controllers\Mahasiswa->simpandata()
 9 SYSTEMPATH\CodeIgniter.php(509): CodeIgniter\CodeIgniter->runController(Object(App\Controllers\Mahasiswa))
10 SYSTEMPATH\CodeIgniter.php(355): CodeIgniter\CodeIgniter->handleRequest(null, Object(Config\Cache), false)
11 SYSTEMPATH\Boot.php(312): CodeIgniter\CodeIgniter->run()
12 SYSTEMPATH\Boot.php(67): CodeIgniter\Boot::runCodeIgniter(Object(CodeIgniter\CodeIgniter))
13 FCPATH\index.php(56): CodeIgniter\Boot::bootWeb(Object(Config\Paths))
14 SYSTEMPATH\Commands\Server\rewrite.php(49): require_once('E:\\R\\ci4ajax_rosid\\public\\index.php')
ERROR - 2024-06-28 08:50:15 --> Error connecting to the database: mysqli_sql_exception: Unknown database 'db_ci4ajax007' in E:\R\ci4ajax_rosid\system\Database\MySQLi\Connection.php:186
Stack trace:
#0 E:\R\ci4ajax_rosid\system\Database\MySQLi\Connection.php(186): mysqli->real_connect('localhost', 'root', Object(SensitiveParameterValue), 'db_ci4ajax007', 3306, '', 0)
#1 E:\R\ci4ajax_rosid\system\Database\BaseConnection.php(421): CodeIgniter\Database\MySQLi\Connection->connect(false)
#2 E:\R\ci4ajax_rosid\system\Database\BaseConnection.php(604): CodeIgniter\Database\BaseConnection->initialize()
#3 E:\R\ci4ajax_rosid\system\Database\BaseBuilder.php(1629): CodeIgniter\Database\BaseConnection->query('SELECT 1\nFROM `...', Array, false)
#4 E:\R\ci4ajax_rosid\system\Validation\StrictRules\Rules.php(228): CodeIgniter\Database\BaseBuilder->get()
#5 E:\R\ci4ajax_rosid\system\Validation\Validation.php(336): CodeIgniter\Validation\StrictRules\Rules->is_unique('22110034', 'nim007', Array, NULL, 'nim')
#6 E:\R\ci4ajax_rosid\system\Validation\Validation.php(201): CodeIgniter\Validation\Validation->processRules('nim', 'NIM', '22110034', Array, Array, 'nim')
#7 E:\R\ci4ajax_rosid\system\Controller.php(137): CodeIgniter\Validation\Validation->run()
#8 E:\R\ci4ajax_rosid\app\Controllers\Mahasiswa.php(46): CodeIgniter\Controller->validate(Array)
#9 E:\R\ci4ajax_rosid\system\CodeIgniter.php(933): App\Controllers\Mahasiswa->simpandata()
#10 E:\R\ci4ajax_rosid\system\CodeIgniter.php(509): CodeIgniter\CodeIgniter->runController(Object(App\Controllers\Mahasiswa))
#11 E:\R\ci4ajax_rosid\system\CodeIgniter.php(355): CodeIgniter\CodeIgniter->handleRequest(NULL, Object(Config\Cache), false)
#12 E:\R\ci4ajax_rosid\system\Boot.php(312): CodeIgniter\CodeIgniter->run()
#13 E:\R\ci4ajax_rosid\system\Boot.php(67): CodeIgniter\Boot::runCodeIgniter(Object(CodeIgniter\CodeIgniter))
#14 E:\R\ci4ajax_rosid\public\index.php(56): CodeIgniter\Boot::bootWeb(Object(Config\Paths))
#15 E:\R\ci4ajax_rosid\system\Commands\Server\rewrite.php(49): require_once('E:\\R\\ci4ajax_ro...')
#16 {main}

Next CodeIgniter\Database\Exceptions\DatabaseException: Unknown database 'db_ci4ajax007' in E:\R\ci4ajax_rosid\system\Database\MySQLi\Connection.php:231
Stack trace:
#0 E:\R\ci4ajax_rosid\system\Database\BaseConnection.php(421): CodeIgniter\Database\MySQLi\Connection->connect(false)
#1 E:\R\ci4ajax_rosid\system\Database\BaseConnection.php(604): CodeIgniter\Database\BaseConnection->initialize()
#2 E:\R\ci4ajax_rosid\system\Database\BaseBuilder.php(1629): CodeIgniter\Database\BaseConnection->query('SELECT 1\nFROM `...', Array, false)
#3 E:\R\ci4ajax_rosid\system\Validation\StrictRules\Rules.php(228): CodeIgniter\Database\BaseBuilder->get()
#4 E:\R\ci4ajax_rosid\system\Validation\Validation.php(336): CodeIgniter\Validation\StrictRules\Rules->is_unique('22110034', 'nim007', Array, NULL, 'nim')
#5 E:\R\ci4ajax_rosid\system\Validation\Validation.php(201): CodeIgniter\Validation\Validation->processRules('nim', 'NIM', '22110034', Array, Array, 'nim')
#6 E:\R\ci4ajax_rosid\system\Controller.php(137): CodeIgniter\Validation\Validation->run()
#7 E:\R\ci4ajax_rosid\app\Controllers\Mahasiswa.php(46): CodeIgniter\Controller->validate(Array)
#8 E:\R\ci4ajax_rosid\system\CodeIgniter.php(933): App\Controllers\Mahasiswa->simpandata()
#9 E:\R\ci4ajax_rosid\system\CodeIgniter.php(509): CodeIgniter\CodeIgniter->runController(Object(App\Controllers\Mahasiswa))
#10 E:\R\ci4ajax_rosid\system\CodeIgniter.php(355): CodeIgniter\CodeIgniter->handleRequest(NULL, Object(Config\Cache), false)
#11 E:\R\ci4ajax_rosid\system\Boot.php(312): CodeIgniter\CodeIgniter->run()
#12 E:\R\ci4ajax_rosid\system\Boot.php(67): CodeIgniter\Boot::runCodeIgniter(Object(CodeIgniter\CodeIgniter))
#13 E:\R\ci4ajax_rosid\public\index.php(56): CodeIgniter\Boot::bootWeb(Object(Config\Paths))
#14 E:\R\ci4ajax_rosid\system\Commands\Server\rewrite.php(49): require_once('E:\\R\\ci4ajax_ro...')
#15 {main}
CRITICAL - 2024-06-28 08:50:15 --> CodeIgniter\Database\Exceptions\DatabaseException: Unable to connect to the database.
Main connection [MySQLi]: Unknown database 'db_ci4ajax007'
[Method: POST, Route: Mahasiswa/simpandata]
in SYSTEMPATH\Database\BaseConnection.php on line 457.
 1 SYSTEMPATH\Database\BaseConnection.php(604): CodeIgniter\Database\BaseConnection->initialize()
 2 SYSTEMPATH\Database\BaseBuilder.php(1629): CodeIgniter\Database\BaseConnection->query('SELECT 1
FROM `mahasiswa007`
WHERE `nim007` = :nim007:
 LIMIT 1', [...], false)
 3 SYSTEMPATH\Validation\StrictRules\Rules.php(228): CodeIgniter\Database\BaseBuilder->get()
 4 SYSTEMPATH\Validation\Validation.php(336): CodeIgniter\Validation\StrictRules\Rules->is_unique('22110034', 'nim007', [...], null, 'nim')
 5 SYSTEMPATH\Validation\Validation.php(201): CodeIgniter\Validation\Validation->processRules('nim', 'NIM', '22110034', [...], [...], 'nim')
 6 SYSTEMPATH\Controller.php(137): CodeIgniter\Validation\Validation->run()
 7 APPPATH\Controllers\Mahasiswa.php(46): CodeIgniter\Controller->validate([...])
 8 SYSTEMPATH\CodeIgniter.php(933): App\Controllers\Mahasiswa->simpandata()
 9 SYSTEMPATH\CodeIgniter.php(509): CodeIgniter\CodeIgniter->runController(Object(App\Controllers\Mahasiswa))
10 SYSTEMPATH\CodeIgniter.php(355): CodeIgniter\CodeIgniter->handleRequest(null, Object(Config\Cache), false)
11 SYSTEMPATH\Boot.php(312): CodeIgniter\CodeIgniter->run()
12 SYSTEMPATH\Boot.php(67): CodeIgniter\Boot::runCodeIgniter(Object(CodeIgniter\CodeIgniter))
13 FCPATH\index.php(56): CodeIgniter\Boot::bootWeb(Object(Config\Paths))
14 SYSTEMPATH\Commands\Server\rewrite.php(49): require_once('E:\\R\\ci4ajax_rosid\\public\\index.php')
ERROR - 2024-06-28 08:50:42 --> Error connecting to the database: mysqli_sql_exception: Unknown database 'db_ci4ajax007' in E:\R\ci4ajax_rosid\system\Database\MySQLi\Connection.php:186
Stack trace:
#0 E:\R\ci4ajax_rosid\system\Database\MySQLi\Connection.php(186): mysqli->real_connect('localhost', 'root', Object(SensitiveParameterValue), 'db_ci4ajax007', 3306, '', 0)
#1 E:\R\ci4ajax_rosid\system\Database\BaseConnection.php(421): CodeIgniter\Database\MySQLi\Connection->connect(false)
#2 E:\R\ci4ajax_rosid\system\Database\BaseConnection.php(604): CodeIgniter\Database\BaseConnection->initialize()
#3 E:\R\ci4ajax_rosid\system\Database\BaseBuilder.php(1629): CodeIgniter\Database\BaseConnection->query('SELECT 1\nFROM `...', Array, false)
#4 E:\R\ci4ajax_rosid\system\Validation\StrictRules\Rules.php(228): CodeIgniter\Database\BaseBuilder->get()
#5 E:\R\ci4ajax_rosid\system\Validation\Validation.php(336): CodeIgniter\Validation\StrictRules\Rules->is_unique('22110034', 'nim007', Array, NULL, 'nim')
#6 E:\R\ci4ajax_rosid\system\Validation\Validation.php(201): CodeIgniter\Validation\Validation->processRules('nim', 'NIM', '22110034', Array, Array, 'nim')
#7 E:\R\ci4ajax_rosid\system\Controller.php(137): CodeIgniter\Validation\Validation->run()
#8 E:\R\ci4ajax_rosid\app\Controllers\Mahasiswa.php(46): CodeIgniter\Controller->validate(Array)
#9 E:\R\ci4ajax_rosid\system\CodeIgniter.php(933): App\Controllers\Mahasiswa->simpandata()
#10 E:\R\ci4ajax_rosid\system\CodeIgniter.php(509): CodeIgniter\CodeIgniter->runController(Object(App\Controllers\Mahasiswa))
#11 E:\R\ci4ajax_rosid\system\CodeIgniter.php(355): CodeIgniter\CodeIgniter->handleRequest(NULL, Object(Config\Cache), false)
#12 E:\R\ci4ajax_rosid\system\Boot.php(312): CodeIgniter\CodeIgniter->run()
#13 E:\R\ci4ajax_rosid\system\Boot.php(67): CodeIgniter\Boot::runCodeIgniter(Object(CodeIgniter\CodeIgniter))
#14 E:\R\ci4ajax_rosid\public\index.php(56): CodeIgniter\Boot::bootWeb(Object(Config\Paths))
#15 E:\R\ci4ajax_rosid\system\Commands\Server\rewrite.php(49): require_once('E:\\R\\ci4ajax_ro...')
#16 {main}

Next CodeIgniter\Database\Exceptions\DatabaseException: Unknown database 'db_ci4ajax007' in E:\R\ci4ajax_rosid\system\Database\MySQLi\Connection.php:231
Stack trace:
#0 E:\R\ci4ajax_rosid\system\Database\BaseConnection.php(421): CodeIgniter\Database\MySQLi\Connection->connect(false)
#1 E:\R\ci4ajax_rosid\system\Database\BaseConnection.php(604): CodeIgniter\Database\BaseConnection->initialize()
#2 E:\R\ci4ajax_rosid\system\Database\BaseBuilder.php(1629): CodeIgniter\Database\BaseConnection->query('SELECT 1\nFROM `...', Array, false)
#3 E:\R\ci4ajax_rosid\system\Validation\StrictRules\Rules.php(228): CodeIgniter\Database\BaseBuilder->get()
#4 E:\R\ci4ajax_rosid\system\Validation\Validation.php(336): CodeIgniter\Validation\StrictRules\Rules->is_unique('22110034', 'nim007', Array, NULL, 'nim')
#5 E:\R\ci4ajax_rosid\system\Validation\Validation.php(201): CodeIgniter\Validation\Validation->processRules('nim', 'NIM', '22110034', Array, Array, 'nim')
#6 E:\R\ci4ajax_rosid\system\Controller.php(137): CodeIgniter\Validation\Validation->run()
#7 E:\R\ci4ajax_rosid\app\Controllers\Mahasiswa.php(46): CodeIgniter\Controller->validate(Array)
#8 E:\R\ci4ajax_rosid\system\CodeIgniter.php(933): App\Controllers\Mahasiswa->simpandata()
#9 E:\R\ci4ajax_rosid\system\CodeIgniter.php(509): CodeIgniter\CodeIgniter->runController(Object(App\Controllers\Mahasiswa))
#10 E:\R\ci4ajax_rosid\system\CodeIgniter.php(355): CodeIgniter\CodeIgniter->handleRequest(NULL, Object(Config\Cache), false)
#11 E:\R\ci4ajax_rosid\system\Boot.php(312): CodeIgniter\CodeIgniter->run()
#12 E:\R\ci4ajax_rosid\system\Boot.php(67): CodeIgniter\Boot::runCodeIgniter(Object(CodeIgniter\CodeIgniter))
#13 E:\R\ci4ajax_rosid\public\index.php(56): CodeIgniter\Boot::bootWeb(Object(Config\Paths))
#14 E:\R\ci4ajax_rosid\system\Commands\Server\rewrite.php(49): require_once('E:\\R\\ci4ajax_ro...')
#15 {main}
CRITICAL - 2024-06-28 08:50:42 --> CodeIgniter\Database\Exceptions\DatabaseException: Unable to connect to the database.
Main connection [MySQLi]: Unknown database 'db_ci4ajax007'
[Method: POST, Route: Mahasiswa/simpandata]
in SYSTEMPATH\Database\BaseConnection.php on line 457.
 1 SYSTEMPATH\Database\BaseConnection.php(604): CodeIgniter\Database\BaseConnection->initialize()
 2 SYSTEMPATH\Database\BaseBuilder.php(1629): CodeIgniter\Database\BaseConnection->query('SELECT 1
FROM `mahasiswa007`
WHERE `nim007` = :nim007:
 LIMIT 1', [...], false)
 3 SYSTEMPATH\Validation\StrictRules\Rules.php(228): CodeIgniter\Database\BaseBuilder->get()
 4 SYSTEMPATH\Validation\Validation.php(336): CodeIgniter\Validation\StrictRules\Rules->is_unique('22110034', 'nim007', [...], null, 'nim')
 5 SYSTEMPATH\Validation\Validation.php(201): CodeIgniter\Validation\Validation->processRules('nim', 'NIM', '22110034', [...], [...], 'nim')
 6 SYSTEMPATH\Controller.php(137): CodeIgniter\Validation\Validation->run()
 7 APPPATH\Controllers\Mahasiswa.php(46): CodeIgniter\Controller->validate([...])
 8 SYSTEMPATH\CodeIgniter.php(933): App\Controllers\Mahasiswa->simpandata()
 9 SYSTEMPATH\CodeIgniter.php(509): CodeIgniter\CodeIgniter->runController(Object(App\Controllers\Mahasiswa))
10 SYSTEMPATH\CodeIgniter.php(355): CodeIgniter\CodeIgniter->handleRequest(null, Object(Config\Cache), false)
11 SYSTEMPATH\Boot.php(312): CodeIgniter\CodeIgniter->run()
12 SYSTEMPATH\Boot.php(67): CodeIgniter\Boot::runCodeIgniter(Object(CodeIgniter\CodeIgniter))
13 FCPATH\index.php(56): CodeIgniter\Boot::bootWeb(Object(Config\Paths))
14 SYSTEMPATH\Commands\Server\rewrite.php(49): require_once('E:\\R\\ci4ajax_rosid\\public\\index.php')
ERROR - 2024-06-28 09:04:38 --> Error connecting to the database: mysqli_sql_exception: Unknown database 'db_ci4ajax007' in E:\R\ci4ajax_rosid\system\Database\MySQLi\Connection.php:186
Stack trace:
#0 E:\R\ci4ajax_rosid\system\Database\MySQLi\Connection.php(186): mysqli->real_connect('localhost', 'root', Object(SensitiveParameterValue), 'db_ci4ajax007', 3306, '', 0)
#1 E:\R\ci4ajax_rosid\system\Database\BaseConnection.php(421): CodeIgniter\Database\MySQLi\Connection->connect(false)
#2 E:\R\ci4ajax_rosid\system\Database\BaseConnection.php(604): CodeIgniter\Database\BaseConnection->initialize()
#3 E:\R\ci4ajax_rosid\system\Database\BaseBuilder.php(1629): CodeIgniter\Database\BaseConnection->query('SELECT *\nFROM `...', Array, false)
#4 E:\R\ci4ajax_rosid\system\Model.php(275): CodeIgniter\Database\BaseBuilder->get()
#5 E:\R\ci4ajax_rosid\system\BaseModel.php(676): CodeIgniter\Model->doFindAll(0, 0)
#6 E:\R\ci4ajax_rosid\app\Controllers\Mahasiswa.php(19): CodeIgniter\BaseModel->findAll()
#7 E:\R\ci4ajax_rosid\system\CodeIgniter.php(933): App\Controllers\Mahasiswa->ambildata()
#8 E:\R\ci4ajax_rosid\system\CodeIgniter.php(509): CodeIgniter\CodeIgniter->runController(Object(App\Controllers\Mahasiswa))
#9 E:\R\ci4ajax_rosid\system\CodeIgniter.php(355): CodeIgniter\CodeIgniter->handleRequest(NULL, Object(Config\Cache), false)
#10 E:\R\ci4ajax_rosid\system\Boot.php(312): CodeIgniter\CodeIgniter->run()
#11 E:\R\ci4ajax_rosid\system\Boot.php(67): CodeIgniter\Boot::runCodeIgniter(Object(CodeIgniter\CodeIgniter))
#12 E:\R\ci4ajax_rosid\public\index.php(56): CodeIgniter\Boot::bootWeb(Object(Config\Paths))
#13 E:\R\ci4ajax_rosid\system\Commands\Server\rewrite.php(49): require_once('E:\\R\\ci4ajax_ro...')
#14 {main}

Next CodeIgniter\Database\Exceptions\DatabaseException: Unknown database 'db_ci4ajax007' in E:\R\ci4ajax_rosid\system\Database\MySQLi\Connection.php:231
Stack trace:
#0 E:\R\ci4ajax_rosid\system\Database\BaseConnection.php(421): CodeIgniter\Database\MySQLi\Connection->connect(false)
#1 E:\R\ci4ajax_rosid\system\Database\BaseConnection.php(604): CodeIgniter\Database\BaseConnection->initialize()
#2 E:\R\ci4ajax_rosid\system\Database\BaseBuilder.php(1629): CodeIgniter\Database\BaseConnection->query('SELECT *\nFROM `...', Array, false)
#3 E:\R\ci4ajax_rosid\system\Model.php(275): CodeIgniter\Database\BaseBuilder->get()
#4 E:\R\ci4ajax_rosid\system\BaseModel.php(676): CodeIgniter\Model->doFindAll(0, 0)
#5 E:\R\ci4ajax_rosid\app\Controllers\Mahasiswa.php(19): CodeIgniter\BaseModel->findAll()
#6 E:\R\ci4ajax_rosid\system\CodeIgniter.php(933): App\Controllers\Mahasiswa->ambildata()
#7 E:\R\ci4ajax_rosid\system\CodeIgniter.php(509): CodeIgniter\CodeIgniter->runController(Object(App\Controllers\Mahasiswa))
#8 E:\R\ci4ajax_rosid\system\CodeIgniter.php(355): CodeIgniter\CodeIgniter->handleRequest(NULL, Object(Config\Cache), false)
#9 E:\R\ci4ajax_rosid\system\Boot.php(312): CodeIgniter\CodeIgniter->run()
#10 E:\R\ci4ajax_rosid\system\Boot.php(67): CodeIgniter\Boot::runCodeIgniter(Object(CodeIgniter\CodeIgniter))
#11 E:\R\ci4ajax_rosid\public\index.php(56): CodeIgniter\Boot::bootWeb(Object(Config\Paths))
#12 E:\R\ci4ajax_rosid\system\Commands\Server\rewrite.php(49): require_once('E:\\R\\ci4ajax_ro...')
#13 {main}
CRITICAL - 2024-06-28 09:04:38 --> CodeIgniter\Database\Exceptions\DatabaseException: Unable to connect to the database.
Main connection [MySQLi]: Unknown database 'db_ci4ajax007'
[Method: GET, Route: Mahasiswa/ambildata]
in SYSTEMPATH\Database\BaseConnection.php on line 457.
 1 SYSTEMPATH\Database\BaseConnection.php(604): CodeIgniter\Database\BaseConnection->initialize()
 2 SYSTEMPATH\Database\BaseBuilder.php(1629): CodeIgniter\Database\BaseConnection->query('SELECT *
FROM `mahasiswa007`', [], false)
 3 SYSTEMPATH\Model.php(275): CodeIgniter\Database\BaseBuilder->get()
 4 SYSTEMPATH\BaseModel.php(676): CodeIgniter\Model->doFindAll(0, 0)
 5 APPPATH\Controllers\Mahasiswa.php(19): CodeIgniter\BaseModel->findAll()
 6 SYSTEMPATH\CodeIgniter.php(933): App\Controllers\Mahasiswa->ambildata()
 7 SYSTEMPATH\CodeIgniter.php(509): CodeIgniter\CodeIgniter->runController(Object(App\Controllers\Mahasiswa))
 8 SYSTEMPATH\CodeIgniter.php(355): CodeIgniter\CodeIgniter->handleRequest(null, Object(Config\Cache), false)
 9 SYSTEMPATH\Boot.php(312): CodeIgniter\CodeIgniter->run()
10 SYSTEMPATH\Boot.php(67): CodeIgniter\Boot::runCodeIgniter(Object(CodeIgniter\CodeIgniter))
11 FCPATH\index.php(56): CodeIgniter\Boot::bootWeb(Object(Config\Paths))
12 SYSTEMPATH\Commands\Server\rewrite.php(49): require_once('E:\\R\\ci4ajax_rosid\\public\\index.php')
ERROR - 2024-06-28 09:05:03 --> Error connecting to the database: mysqli_sql_exception: Unknown database 'db_ci4ajax007' in E:\R\ci4ajax_rosid\system\Database\MySQLi\Connection.php:186
Stack trace:
#0 E:\R\ci4ajax_rosid\system\Database\MySQLi\Connection.php(186): mysqli->real_connect('localhost', 'root', Object(SensitiveParameterValue), 'db_ci4ajax007', 3306, '', 0)
#1 E:\R\ci4ajax_rosid\system\Database\BaseConnection.php(421): CodeIgniter\Database\MySQLi\Connection->connect(false)
#2 E:\R\ci4ajax_rosid\system\Database\BaseConnection.php(604): CodeIgniter\Database\BaseConnection->initialize()
#3 E:\R\ci4ajax_rosid\system\Database\BaseBuilder.php(1629): CodeIgniter\Database\BaseConnection->query('SELECT 1\nFROM `...', Array, false)
#4 E:\R\ci4ajax_rosid\system\Validation\StrictRules\Rules.php(228): CodeIgniter\Database\BaseBuilder->get()
#5 E:\R\ci4ajax_rosid\system\Validation\Validation.php(336): CodeIgniter\Validation\StrictRules\Rules->is_unique('22110034', 'nim007', Array, NULL, 'nim')
#6 E:\R\ci4ajax_rosid\system\Validation\Validation.php(201): CodeIgniter\Validation\Validation->processRules('nim', 'NIM', '22110034', Array, Array, 'nim')
#7 E:\R\ci4ajax_rosid\system\Controller.php(137): CodeIgniter\Validation\Validation->run()
#8 E:\R\ci4ajax_rosid\app\Controllers\Mahasiswa.php(46): CodeIgniter\Controller->validate(Array)
#9 E:\R\ci4ajax_rosid\system\CodeIgniter.php(933): App\Controllers\Mahasiswa->simpandata()
#10 E:\R\ci4ajax_rosid\system\CodeIgniter.php(509): CodeIgniter\CodeIgniter->runController(Object(App\Controllers\Mahasiswa))
#11 E:\R\ci4ajax_rosid\system\CodeIgniter.php(355): CodeIgniter\CodeIgniter->handleRequest(NULL, Object(Config\Cache), false)
#12 E:\R\ci4ajax_rosid\system\Boot.php(312): CodeIgniter\CodeIgniter->run()
#13 E:\R\ci4ajax_rosid\system\Boot.php(67): CodeIgniter\Boot::runCodeIgniter(Object(CodeIgniter\CodeIgniter))
#14 E:\R\ci4ajax_rosid\public\index.php(56): CodeIgniter\Boot::bootWeb(Object(Config\Paths))
#15 E:\R\ci4ajax_rosid\system\Commands\Server\rewrite.php(49): require_once('E:\\R\\ci4ajax_ro...')
#16 {main}

Next CodeIgniter\Database\Exceptions\DatabaseException: Unknown database 'db_ci4ajax007' in E:\R\ci4ajax_rosid\system\Database\MySQLi\Connection.php:231
Stack trace:
#0 E:\R\ci4ajax_rosid\system\Database\BaseConnection.php(421): CodeIgniter\Database\MySQLi\Connection->connect(false)
#1 E:\R\ci4ajax_rosid\system\Database\BaseConnection.php(604): CodeIgniter\Database\BaseConnection->initialize()
#2 E:\R\ci4ajax_rosid\system\Database\BaseBuilder.php(1629): CodeIgniter\Database\BaseConnection->query('SELECT 1\nFROM `...', Array, false)
#3 E:\R\ci4ajax_rosid\system\Validation\StrictRules\Rules.php(228): CodeIgniter\Database\BaseBuilder->get()
#4 E:\R\ci4ajax_rosid\system\Validation\Validation.php(336): CodeIgniter\Validation\StrictRules\Rules->is_unique('22110034', 'nim007', Array, NULL, 'nim')
#5 E:\R\ci4ajax_rosid\system\Validation\Validation.php(201): CodeIgniter\Validation\Validation->processRules('nim', 'NIM', '22110034', Array, Array, 'nim')
#6 E:\R\ci4ajax_rosid\system\Controller.php(137): CodeIgniter\Validation\Validation->run()
#7 E:\R\ci4ajax_rosid\app\Controllers\Mahasiswa.php(46): CodeIgniter\Controller->validate(Array)
#8 E:\R\ci4ajax_rosid\system\CodeIgniter.php(933): App\Controllers\Mahasiswa->simpandata()
#9 E:\R\ci4ajax_rosid\system\CodeIgniter.php(509): CodeIgniter\CodeIgniter->runController(Object(App\Controllers\Mahasiswa))
#10 E:\R\ci4ajax_rosid\system\CodeIgniter.php(355): CodeIgniter\CodeIgniter->handleRequest(NULL, Object(Config\Cache), false)
#11 E:\R\ci4ajax_rosid\system\Boot.php(312): CodeIgniter\CodeIgniter->run()
#12 E:\R\ci4ajax_rosid\system\Boot.php(67): CodeIgniter\Boot::runCodeIgniter(Object(CodeIgniter\CodeIgniter))
#13 E:\R\ci4ajax_rosid\public\index.php(56): CodeIgniter\Boot::bootWeb(Object(Config\Paths))
#14 E:\R\ci4ajax_rosid\system\Commands\Server\rewrite.php(49): require_once('E:\\R\\ci4ajax_ro...')
#15 {main}
CRITICAL - 2024-06-28 09:05:03 --> CodeIgniter\Database\Exceptions\DatabaseException: Unable to connect to the database.
Main connection [MySQLi]: Unknown database 'db_ci4ajax007'
[Method: POST, Route: Mahasiswa/simpandata]
in SYSTEMPATH\Database\BaseConnection.php on line 457.
 1 SYSTEMPATH\Database\BaseConnection.php(604): CodeIgniter\Database\BaseConnection->initialize()
 2 SYSTEMPATH\Database\BaseBuilder.php(1629): CodeIgniter\Database\BaseConnection->query('SELECT 1
FROM `mahasiswa007`
WHERE `nim007` = :nim007:
 LIMIT 1', [...], false)
 3 SYSTEMPATH\Validation\StrictRules\Rules.php(228): CodeIgniter\Database\BaseBuilder->get()
 4 SYSTEMPATH\Validation\Validation.php(336): CodeIgniter\Validation\StrictRules\Rules->is_unique('22110034', 'nim007', [...], null, 'nim')
 5 SYSTEMPATH\Validation\Validation.php(201): CodeIgniter\Validation\Validation->processRules('nim', 'NIM', '22110034', [...], [...], 'nim')
 6 SYSTEMPATH\Controller.php(137): CodeIgniter\Validation\Validation->run()
 7 APPPATH\Controllers\Mahasiswa.php(46): CodeIgniter\Controller->validate([...])
 8 SYSTEMPATH\CodeIgniter.php(933): App\Controllers\Mahasiswa->simpandata()
 9 SYSTEMPATH\CodeIgniter.php(509): CodeIgniter\CodeIgniter->runController(Object(App\Controllers\Mahasiswa))
10 SYSTEMPATH\CodeIgniter.php(355): CodeIgniter\CodeIgniter->handleRequest(null, Object(Config\Cache), false)
11 SYSTEMPATH\Boot.php(312): CodeIgniter\CodeIgniter->run()
12 SYSTEMPATH\Boot.php(67): CodeIgniter\Boot::runCodeIgniter(Object(CodeIgniter\CodeIgniter))
13 FCPATH\index.php(56): CodeIgniter\Boot::bootWeb(Object(Config\Paths))
14 SYSTEMPATH\Commands\Server\rewrite.php(49): require_once('E:\\R\\ci4ajax_rosid\\public\\index.php')
ERROR - 2024-06-28 09:06:19 --> Error connecting to the database: mysqli_sql_exception: Unknown database 'db_ci4ajax007' in E:\R\ci4ajax_rosid\system\Database\MySQLi\Connection.php:186
Stack trace:
#0 E:\R\ci4ajax_rosid\system\Database\MySQLi\Connection.php(186): mysqli->real_connect('localhost', 'root', Object(SensitiveParameterValue), 'db_ci4ajax007', 3306, '', 0)
#1 E:\R\ci4ajax_rosid\system\Database\BaseConnection.php(421): CodeIgniter\Database\MySQLi\Connection->connect(false)
#2 E:\R\ci4ajax_rosid\system\Database\BaseConnection.php(604): CodeIgniter\Database\BaseConnection->initialize()
#3 E:\R\ci4ajax_rosid\system\Database\BaseBuilder.php(1629): CodeIgniter\Database\BaseConnection->query('SELECT 1\nFROM `...', Array, false)
#4 E:\R\ci4ajax_rosid\system\Validation\StrictRules\Rules.php(228): CodeIgniter\Database\BaseBuilder->get()
#5 E:\R\ci4ajax_rosid\system\Validation\Validation.php(336): CodeIgniter\Validation\StrictRules\Rules->is_unique('22110034', 'nim007', Array, NULL, 'nim')
#6 E:\R\ci4ajax_rosid\system\Validation\Validation.php(201): CodeIgniter\Validation\Validation->processRules('nim', 'NIM', '22110034', Array, Array, 'nim')
#7 E:\R\ci4ajax_rosid\system\Controller.php(137): CodeIgniter\Validation\Validation->run()
#8 E:\R\ci4ajax_rosid\app\Controllers\Mahasiswa.php(46): CodeIgniter\Controller->validate(Array)
#9 E:\R\ci4ajax_rosid\system\CodeIgniter.php(933): App\Controllers\Mahasiswa->simpandata()
#10 E:\R\ci4ajax_rosid\system\CodeIgniter.php(509): CodeIgniter\CodeIgniter->runController(Object(App\Controllers\Mahasiswa))
#11 E:\R\ci4ajax_rosid\system\CodeIgniter.php(355): CodeIgniter\CodeIgniter->handleRequest(NULL, Object(Config\Cache), false)
#12 E:\R\ci4ajax_rosid\system\Boot.php(312): CodeIgniter\CodeIgniter->run()
#13 E:\R\ci4ajax_rosid\system\Boot.php(67): CodeIgniter\Boot::runCodeIgniter(Object(CodeIgniter\CodeIgniter))
#14 E:\R\ci4ajax_rosid\public\index.php(56): CodeIgniter\Boot::bootWeb(Object(Config\Paths))
#15 E:\R\ci4ajax_rosid\system\Commands\Server\rewrite.php(49): require_once('E:\\R\\ci4ajax_ro...')
#16 {main}

Next CodeIgniter\Database\Exceptions\DatabaseException: Unknown database 'db_ci4ajax007' in E:\R\ci4ajax_rosid\system\Database\MySQLi\Connection.php:231
Stack trace:
#0 E:\R\ci4ajax_rosid\system\Database\BaseConnection.php(421): CodeIgniter\Database\MySQLi\Connection->connect(false)
#1 E:\R\ci4ajax_rosid\system\Database\BaseConnection.php(604): CodeIgniter\Database\BaseConnection->initialize()
#2 E:\R\ci4ajax_rosid\system\Database\BaseBuilder.php(1629): CodeIgniter\Database\BaseConnection->query('SELECT 1\nFROM `...', Array, false)
#3 E:\R\ci4ajax_rosid\system\Validation\StrictRules\Rules.php(228): CodeIgniter\Database\BaseBuilder->get()
#4 E:\R\ci4ajax_rosid\system\Validation\Validation.php(336): CodeIgniter\Validation\StrictRules\Rules->is_unique('22110034', 'nim007', Array, NULL, 'nim')
#5 E:\R\ci4ajax_rosid\system\Validation\Validation.php(201): CodeIgniter\Validation\Validation->processRules('nim', 'NIM', '22110034', Array, Array, 'nim')
#6 E:\R\ci4ajax_rosid\system\Controller.php(137): CodeIgniter\Validation\Validation->run()
#7 E:\R\ci4ajax_rosid\app\Controllers\Mahasiswa.php(46): CodeIgniter\Controller->validate(Array)
#8 E:\R\ci4ajax_rosid\system\CodeIgniter.php(933): App\Controllers\Mahasiswa->simpandata()
#9 E:\R\ci4ajax_rosid\system\CodeIgniter.php(509): CodeIgniter\CodeIgniter->runController(Object(App\Controllers\Mahasiswa))
#10 E:\R\ci4ajax_rosid\system\CodeIgniter.php(355): CodeIgniter\CodeIgniter->handleRequest(NULL, Object(Config\Cache), false)
#11 E:\R\ci4ajax_rosid\system\Boot.php(312): CodeIgniter\CodeIgniter->run()
#12 E:\R\ci4ajax_rosid\system\Boot.php(67): CodeIgniter\Boot::runCodeIgniter(Object(CodeIgniter\CodeIgniter))
#13 E:\R\ci4ajax_rosid\public\index.php(56): CodeIgniter\Boot::bootWeb(Object(Config\Paths))
#14 E:\R\ci4ajax_rosid\system\Commands\Server\rewrite.php(49): require_once('E:\\R\\ci4ajax_ro...')
#15 {main}
CRITICAL - 2024-06-28 09:06:19 --> CodeIgniter\Database\Exceptions\DatabaseException: Unable to connect to the database.
Main connection [MySQLi]: Unknown database 'db_ci4ajax007'
[Method: POST, Route: Mahasiswa/simpandata]
in SYSTEMPATH\Database\BaseConnection.php on line 457.
 1 SYSTEMPATH\Database\BaseConnection.php(604): CodeIgniter\Database\BaseConnection->initialize()
 2 SYSTEMPATH\Database\BaseBuilder.php(1629): CodeIgniter\Database\BaseConnection->query('SELECT 1
FROM `mahasiswa007`
WHERE `nim007` = :nim007:
 LIMIT 1', [...], false)
 3 SYSTEMPATH\Validation\StrictRules\Rules.php(228): CodeIgniter\Database\BaseBuilder->get()
 4 SYSTEMPATH\Validation\Validation.php(336): CodeIgniter\Validation\StrictRules\Rules->is_unique('22110034', 'nim007', [...], null, 'nim')
 5 SYSTEMPATH\Validation\Validation.php(201): CodeIgniter\Validation\Validation->processRules('nim', 'NIM', '22110034', [...], [...], 'nim')
 6 SYSTEMPATH\Controller.php(137): CodeIgniter\Validation\Validation->run()
 7 APPPATH\Controllers\Mahasiswa.php(46): CodeIgniter\Controller->validate([...])
 8 SYSTEMPATH\CodeIgniter.php(933): App\Controllers\Mahasiswa->simpandata()
 9 SYSTEMPATH\CodeIgniter.php(509): CodeIgniter\CodeIgniter->runController(Object(App\Controllers\Mahasiswa))
10 SYSTEMPATH\CodeIgniter.php(355): CodeIgniter\CodeIgniter->handleRequest(null, Object(Config\Cache), false)
11 SYSTEMPATH\Boot.php(312): CodeIgniter\CodeIgniter->run()
12 SYSTEMPATH\Boot.php(67): CodeIgniter\Boot::runCodeIgniter(Object(CodeIgniter\CodeIgniter))
13 FCPATH\index.php(56): CodeIgniter\Boot::bootWeb(Object(Config\Paths))
14 SYSTEMPATH\Commands\Server\rewrite.php(49): require_once('E:\\R\\ci4ajax_rosid\\public\\index.php')
